C51 COMPILER V9.60.7.0   SIGNAL                                                            06/23/2026 15:06:43 PAGE 1   


C51 COMPILER V9.60.7.0, COMPILATION OF MODULE SIGNAL
OBJECT MODULE PLACED IN .\Objects\signal.obj
COMPILER INVOKED BY: C:\Keil_v5\C51\BIN\C51.EXE signal.c OPTIMIZE(8,SPEED) BROWSE DEBUG OBJECTEXTEND PRINT(.\Listings\si
                    -gnal.lst) TABS(2) OBJECT(.\Objects\signal.obj)

line level    source

   1          #include <reg51.h>
   2          
   3          void sdelay(unsigned int time) {
   4   1          int i, j, k;
   5   1          for (k = 0; k < time; k++) {
   6   2              for (i = 0; i < 1000; i++) {
   7   3                  for (j = 0; j < 382; j++);
   8   3              }
   9   2          }
  10   1      }
  11          
  12          void msdelay(unsigned int time) {
  13   1          int i, j;
  14   1          for (i = 0; i < time; i++) {
  15   2              for (j = 0; j < 382; j++);
  16   2          }
  17   1      }
  18          
  19          sbit RED    = P1^4;
  20          sbit YELLOW = P1^5;
  21          sbit GREEN  = P1^6;
  22          sbit PED    = P1^7;
  23          
  24          void main() {
  25   1          int k;              
  26   1          while (1) {
  27   2             
  28   2              RED    = 1;
  29   2              GREEN  = 0;
  30   2              YELLOW = 0;
  31   2              PED    = 1;
  32   2              sdelay(10);
  33   2      
  34   2              
  35   2              RED    = 0;
  36   2              GREEN  = 1;
  37   2              YELLOW = 0;
  38   2              PED    = 0;
  39   2              sdelay(5);
  40   2      
  41   2              
  42   2              RED    = 0;
  43   2              GREEN  = 0;
  44   2              YELLOW = 1;
  45   2              for (k = 0; k < 2; k++) {
  46   3                  PED = 1;
  47   3                  msdelay(500);
  48   3                  PED = 0;
  49   3                  msdelay(500);
  50   3              }
  51   2              PED = 0;    
  52   2          }
  53   1      }

C51 COMPILER V9.60.7.0   SIGNAL                                                            06/23/2026 15:06:43 PAGE 2   


MODULE INFORMATION:   STATIC OVERLAYABLE
   CODE SIZE        =    142    ----
   CONSTANT SIZE    =   ----    ----
   XDATA SIZE       =   ----    ----
   PDATA SIZE       =   ----    ----
   DATA SIZE        =   ----    ----
   IDATA SIZE       =   ----    ----
   BIT SIZE         =   ----    ----
END OF MODULE INFORMATION.


C51 COMPILATION COMPLETE.  0 WARNING(S),  0 ERROR(S)
