C51 COMPILER V9.60.7.0   TI_Q2                                                             06/25/2026 11:45:10 PAGE 1   


C51 COMPILER V9.60.7.0, COMPILATION OF MODULE TI_Q2
OBJECT MODULE PLACED IN .\Objects\TI_Q2.obj
COMPILER INVOKED BY: C:\Keil_v5\C51\BIN\C51.EXE TI_Q2.c OPTIMIZE(8,SPEED) BROWSE DEBUG OBJECTEXTEND PRINT(.\Listings\TI_
                    -Q2.lst) TABS(2) OBJECT(.\Objects\TI_Q2.obj)

line level    source

   1          #include <reg51.h>
   2          
   3          sbit W1 = P3^6;
   4          sbit W2 = P3^7;
   5          
   6          /*oid timer0_ISR(void) interrupt 1
   7          {
   8              TH0 = 0xFC;
   9              TL0 = 0x18;
  10          
  11              W1 = !W1;
  12          }
  13          
  14          void timer1_ISR(void) interrupt 3
  15          {
  16              TH1 = 0xFA;
  17              TL1 = 0x24;
  18          
  19              W2 = !W2;
  20          }*/
  21          
  22          void timer0_ISR(void) interrupt 1
  23          {
  24   1          TH0 = 0xF8;
  25   1          TL0 = 0x30;
  26   1      
  27   1          W1 = !W1;
  28   1      }
  29          
  30          void timer1_ISR(void) interrupt 3
  31          {
  32   1          TH1 = 0xF4;
  33   1          TL1 = 0x48;
  34   1      
  35   1          W2 = !W2;
  36   1      }
  37          
  38          void main()
  39          {
  40   1          TMOD = 0x11;
  41   1      
  42   1          TH0 = 0xF8;
  43   1          TL0 = 0x30;
  44   1        
  45   1      TH1 = 0xF4;
  46   1          TL1 = 0x48;
  47   1          
  48   1          EA  = 1;
  49   1          ET0 = 1;
  50   1          ET1 = 1;
  51   1      
  52   1          TR0 = 1;
  53   1          TR1 = 1;
  54   1      
C51 COMPILER V9.60.7.0   TI_Q2                                                             06/25/2026 11:45:10 PAGE 2   

  55   1          while(1);
  56   1      }


MODULE INFORMATION:   STATIC OVERLAYABLE
   CODE SIZE        =     45    ----
   CONSTANT SIZE    =   ----    ----
   XDATA SIZE       =   ----    ----
   PDATA SIZE       =   ----    ----
   DATA SIZE        =   ----    ----
   IDATA SIZE       =   ----    ----
   BIT SIZE         =   ----    ----
END OF MODULE INFORMATION.


C51 COMPILATION COMPLETE.  0 WARNING(S),  0 ERROR(S)
