C51 COMPILER V9.60.7.0   MUSIC                                                             06/24/2026 14:11:23 PAGE 1   


C51 COMPILER V9.60.7.0, COMPILATION OF MODULE MUSIC
OBJECT MODULE PLACED IN .\Objects\music.obj
COMPILER INVOKED BY: C:\Keil_v5\C51\BIN\C51.EXE music.c OPTIMIZE(8,SPEED) BROWSE DEBUG OBJECTEXTEND PRINT(.\Listings\mus
                    -ic.lst) TABS(2) OBJECT(.\Objects\music.obj)

line level    source

   1          #include <reg51.h>
   2          #include <lcd.h>
   3          
   4          void main()
   5          {
   6   1          lcd_init();
   7   1      
   8   1          while(1)
   9   1          {
  10   2            
  11   2              lcd_cmd(0x80);
  12   2              lcd_write_string(" I swore my ");
  13   2              msdelay(1000);
  14   2              lcd_cmd(0x01);
  15   2            
  16   2              lcd_cmd(0x80);
  17   2              lcd_write_string(" loyalty to ");
  18   2              msdelay(1000);
  19   2              
  20   2              lcd_cmd(0x01);
  21   2            lcd_cmd(0x80);
  22   2              lcd_write_string(" me, ");
  23   2              msdelay(800);
  24   2              
  25   2            lcd_cmd(0x80);
  26   2              lcd_write_string(" me, myself ");
  27   2              msdelay(1000);
  28   2            
  29   2              lcd_cmd(0xC0);
  30   2              lcd_write_string(" and ");
  31   2              msdelay(200);
  32   2              
  33   2              lcd_cmd(0xC0);
  34   2              lcd_write_string(" and I ");
  35   2              
  36   2              msdelay(2000);
  37   2              lcd_cmd(0x01);
  38   2              msdelay(1000);
  39   2          }
  40   1      }
  41          


MODULE INFORMATION:   STATIC OVERLAYABLE
   CODE SIZE        =    308    ----
   CONSTANT SIZE    =     59    ----
   XDATA SIZE       =   ----    ----
   PDATA SIZE       =   ----    ----
   DATA SIZE        =   ----       3
   IDATA SIZE       =   ----    ----
   BIT SIZE         =   ----    ----
END OF MODULE INFORMATION.


C51 COMPILATION COMPLETE.  0 WARNING(S),  0 ERROR(S)
